<?xml version="1.0" encoding="UTF-8"?>
<testsuite xmlns:xsi="http://www.w3.org/2001/XMLSchema-instance" xsi:noNamespaceSchemaLocation="https://maven.apache.org/surefire/maven-surefire-plugin/xsd/surefire-test-report-3.0.xsd" version="3.0" name="com.humanaid.integration.ContactIntegrationTest" time="3.386" tests="3" errors="0" skipped="0" failures="0">
  <properties>
[...]
</properties>
  <testcase name="getUnprocessedContacts_IntegrationTest" classname="com.humanaid.integration.ContactIntegrationTest" time="0.445">
    <system-out><![CDATA[16:57:17.654 [main] INFO org.springframework.test.context.support.AnnotationConfigContextLoaderUtils -- Could not detect default configuration classes for test class [com.humanaid.integration.ContactIntegrationTest]: ContactIntegrationTest does not declare any static, non-private, non-final, nested classes annotated with @Configuration.
16:57:17.716 [main] INFO org.springframework.boot.test.context.SpringBootTestContextBootstrapper -- Found @SpringBootConfiguration com.humanaid.HumanaidApplication for test class com.humanaid.integration.ContactIntegrationTest

  .   ____          _            __ _ _
 /\\ / ___'_ __ _ _(_)_ __  __ _ \ \ \ \
( ( )\___ | '_ | '_| | '_ \/ _` | \ \ \ \
 \\/  ___)| |_)| | | | | || (_| |  ) ) ) )
  '  |____| .__|_| |_|_| |_\__, | / / / /
 =========|_|==============|___/=/_/_/_/
&amp#27;[32m :: Spring Boot :: &amp#27;[39m              &amp#27;[2m (v3.2.0)&amp#27;[0;39m

&amp#27;[2m2025-09-02T16:57:17.950+09:00&amp#27;[0;39m &amp#27;[32m INFO&amp#27;[0;39m &amp#27;[35m4261&amp#27;[0;39m &amp#27;[2m---&amp#27;[0;39m &amp#27;[2m[humanaid-backend-test] [           main]&amp#27;[0;39m &amp#27;[2m&amp#27;[0;39m&amp#27;[36mc.h.integration.ContactIntegrationTest  &amp#27;[0;39m &amp#27;[2m:&amp#27;[0;39m Starting ContactIntegrationTest using Java 24 with PID 4261 (started by eliotsong in /Users/eliotsong/Documents/I. Program/test-sample_/humanaid-main/backend)
&amp#27;[2m2025-09-02T16:57:17.950+09:00&amp#27;[0;39m &amp#27;[32m INFO&amp#27;[0;39m &amp#27;[35m4261&amp#27;[0;39m &amp#27;[2m---&amp#27;[0;39m &amp#27;[2m[humanaid-backend-test] [           main]&amp#27;[0;39m &amp#27;[2m&amp#27;[0;39m&amp#27;[36mc.h.integration.ContactIntegrationTest  &amp#27;[0;39m &amp#27;[2m:&amp#27;[0;39m The following 1 profile is active: "test"
&amp#27;[2m2025-09-02T16:57:18.282+09:00&amp#27;[0;39m &amp#27;[32m INFO&amp#27;[0;39m &amp#27;[35m4261&amp#27;[0;39m &amp#27;[2m---&amp#27;[0;39m &amp#27;[2m[humanaid-backend-test] [           main]&amp#27;[0;39m &amp#27;[2m&amp#27;[0;39m&amp#27;[36m.s.d.r.c.RepositoryConfigurationDelegate&amp#27;[0;39m &amp#27;[2m:&amp#27;[0;39m Bootstrapping Spring Data JPA repositories in DEFAULT mode.
&amp#27;[2m2025-09-02T16:57:18.313+09:00&amp#27;[0;39m &amp#27;[32m INFO&amp#27;[0;39m &amp#27;[35m4261&amp#27;[0;39m &amp#27;[2m---&amp#27;[0;39m &amp#27;[2m[humanaid-backend-test] [           main]&amp#27;[0;39m &amp#27;[2m&amp#27;[0;39m&amp#27;[36m.s.d.r.c.RepositoryConfigurationDelegate&amp#27;[0;39m &amp#27;[2m:&amp#27;[0;39m Finished Spring Data repository scanning in 26 ms. Found 2 JPA repository interfaces.
&amp#27;[2m2025-09-02T16:57:18.731+09:00&amp#27;[0;39m &amp#27;[32m INFO&amp#27;[0;39m &amp#27;[35m4261&amp#27;[0;39m &amp#27;[2m---&amp#27;[0;39m &amp#27;[2m[humanaid-backend-test] [           main]&amp#27;[0;39m &amp#27;[2m&amp#27;[0;39m&amp#27;[36mo.s.o.j.p.SpringPersistenceUnitInfo     &amp#27;[0;39m &amp#27;[2m:&amp#27;[0;39m No LoadTimeWeaver setup: ignoring JPA class transformer
&amp#27;[2m2025-09-02T16:57:18.746+09:00&amp#27;[0;39m &amp#27;[32m INFO&amp#27;[0;39m &amp#27;[35m4261&amp#27;[0;39m &amp#27;[2m---&amp#27;[0;39m &amp#27;[2m[humanaid-backend-test] [           main]&amp#27;[0;39m &amp#27;[2m&amp#27;[0;39m&amp#27;[36mcom.zaxxer.hikari.HikariDataSource      &amp#27;[0;39m &amp#27;[2m:&amp#27;[0;39m HikariPool-1 - Starting...
&amp#27;[2m2025-09-02T16:57:18.854+09:00&amp#27;[0;39m &amp#27;[32m INFO&amp#27;[0;39m &amp#27;[35m4261&amp#27;[0;39m &amp#27;[2m---&amp#27;[0;39m &amp#27;[2m[humanaid-backend-test] [           main]&amp#27;[0;39m &amp#27;[2m&amp#27;[0;39m&amp#27;[36mcom.zaxxer.hikari.pool.HikariPool       &amp#27;[0;39m &amp#27;[2m:&amp#27;[0;39m HikariPool-1 - Added connection conn0: url=jdbc:h2:mem:testdb user=SA
&amp#27;[2m2025-09-02T16:57:18.855+09:00&amp#27;[0;39m &amp#27;[32m INFO&amp#27;[0;39m &amp#27;[35m4261&amp#27;[0;39m &amp#27;[2m---&amp#27;[0;39m &amp#27;[2m[humanaid-backend-test] [           main]&amp#27;[0;39m &amp#27;[2m&amp#27;[0;39m&amp#27;[36mcom.zaxxer.hikari.HikariDataSource      &amp#27;[0;39m &amp#27;[2m:&amp#27;[0;39m HikariPool-1 - Start completed.
&amp#27;[2m2025-09-02T16:57:19.309+09:00&amp#27;[0;39m &amp#27;[32m INFO&amp#27;[0;39m &amp#27;[35m4261&amp#27;[0;39m &amp#27;[2m---&amp#27;[0;39m &amp#27;[2m[humanaid-backend-test] [           main]&amp#27;[0;39m &amp#27;[2m&amp#27;[0;39m&amp#27;[36mj.LocalContainerEntityManagerFactoryBean&amp#27;[0;39m &amp#27;[2m:&amp#27;[0;39m Initialized JPA EntityManagerFactory for persistence unit 'default'
&amp#27;[2m2025-09-02T16:57:19.496+09:00&amp#27;[0;39m &amp#27;[32m INFO&amp#27;[0;39m &amp#27;[35m4261&amp#27;[0;39m &amp#27;[2m---&amp#27;[0;39m &amp#27;[2m[humanaid-backend-test] [           main]&amp#27;[0;39m &amp#27;[2m&amp#27;[0;39m&amp#27;[36mo.s.d.j.r.query.QueryEnhancerFactory    &amp#27;[0;39m &amp#27;[2m:&amp#27;[0;39m Hibernate is in classpath; If applicable, HQL parser will be used.
&amp#27;[2m2025-09-02T16:57:20.228+09:00&amp#27;[0;39m &amp#27;[33m WARN&amp#27;[0;39m &amp#27;[35m4261&amp#27;[0;39m &amp#27;[2m---&amp#27;[0;39m &amp#27;[2m[humanaid-backend-test] [           main]&amp#27;[0;39m &amp#27;[2m&amp#27;[0;39m&amp#27;[36mJpaBaseConfiguration$JpaWebConfiguration&amp#27;[0;39m &amp#27;[2m:&amp#27;[0;39m spring.jpa.open-in-view is enabled by default. Therefore, database queries may be performed during view rendering. Explicitly configure spring.jpa.open-in-view to disable this warning
&amp#27;[2m2025-09-02T16:57:20.447+09:00&amp#27;[0;39m &amp#27;[32m INFO&amp#27;[0;39m &amp#27;[35m4261&amp#27;[0;39m &amp#27;[2m---&amp#27;[0;39m &amp#27;[2m[humanaid-backend-test] [           main]&amp#27;[0;39m &amp#27;[2m&amp#27;[0;39m&amp#27;[36mc.h.integration.ContactIntegrationTest  &amp#27;[0;39m &amp#27;[2m:&amp#27;[0;39m Started ContactIntegrationTest in 2.66 seconds (process running for 3.148)
&amp#27;[2m2025-09-02T16:57:20.733+09:00&amp#27;[0;39m &amp#27;[32m INFO&amp#27;[0;39m &amp#27;[35m4261&amp#27;[0;39m &amp#27;[2m---&amp#27;[0;39m &amp#27;[2m[humanaid-backend-test] [           main]&amp#27;[0;39m &amp#27;[2m&amp#27;[0;39m&amp#27;[36mo.s.b.t.m.w.SpringBootMockServletContext&amp#27;[0;39m &amp#27;[2m:&amp#27;[0;39m Initializing Spring TestDispatcherServlet ''
&amp#27;[2m2025-09-02T16:57:20.733+09:00&amp#27;[0;39m &amp#27;[32m INFO&amp#27;[0;39m &amp#27;[35m4261&amp#27;[0;39m &amp#27;[2m---&amp#27;[0;39m &amp#27;[2m[humanaid-backend-test] [           main]&amp#27;[0;39m &amp#27;[2m&amp#27;[0;39m&amp#27;[36mo.s.t.web.servlet.TestDispatcherServlet &amp#27;[0;39m &amp#27;[2m:&amp#27;[0;39m Initializing Servlet ''
&amp#27;[2m2025-09-02T16:57:20.734+09:00&amp#27;[0;39m &amp#27;[32m INFO&amp#27;[0;39m &amp#27;[35m4261&amp#27;[0;39m &amp#27;[2m---&amp#27;[0;39m &amp#27;[2m[humanaid-backend-test] [           main]&amp#27;[0;39m &amp#27;[2m&amp#27;[0;39m&amp#27;[36mo.s.t.web.servlet.TestDispatcherServlet &amp#27;[0;39m &amp#27;[2m:&amp#27;[0;39m Completed initialization in 0 ms
]]></system-out>
    <system-err><![CDATA[WARNING: A Java agent has been loaded dynamically (/Users/eliotsong/.m2/repository/net/bytebuddy/byte-buddy-agent/1.14.10/byte-buddy-agent-1.14.10.jar)
WARNING: If a serviceability tool is in use, please run with -XX:+EnableDynamicAgentLoading to hide this warning
WARNING: If a serviceability tool is not in use, please run with -Djdk.instrument.traceUsage for more information
WARNING: Dynamic loading of agents will be disallowed by default in a future release
]]></system-err>
  </testcase>
  <testcase name="createContact_ValidationError_IntegrationTest" classname="com.humanaid.integration.ContactIntegrationTest" time="0.044">
    <system-out><![CDATA[&amp#27;[2m2025-09-02T16:57:20.906+09:00&amp#27;[0;39m &amp#27;[32m INFO&amp#27;[0;39m &amp#27;[35m4261&amp#27;[0;39m &amp#27;[2m---&amp#27;[0;39m &amp#27;[2m[humanaid-backend-test] [           main]&amp#27;[0;39m &amp#27;[2m&amp#27;[0;39m&amp#27;[36mo.s.b.t.m.w.SpringBootMockServletContext&amp#27;[0;39m &amp#27;[2m:&amp#27;[0;39m Initializing Spring TestDispatcherServlet ''
&amp#27;[2m2025-09-02T16:57:20.907+09:00&amp#27;[0;39m &amp#27;[32m INFO&amp#27;[0;39m &amp#27;[35m4261&amp#27;[0;39m &amp#27;[2m---&amp#27;[0;39m &amp#27;[2m[humanaid-backend-test] [           main]&amp#27;[0;39m &amp#27;[2m&amp#27;[0;39m&amp#27;[36mo.s.t.web.servlet.TestDispatcherServlet &amp#27;[0;39m &amp#27;[2m:&amp#27;[0;39m Initializing Servlet ''
&amp#27;[2m2025-09-02T16:57:20.907+09:00&amp#27;[0;39m &amp#27;[32m INFO&amp#27;[0;39m &amp#27;[35m4261&amp#27;[0;39m &amp#27;[2m---&amp#27;[0;39m &amp#27;[2m[humanaid-backend-test] [           main]&amp#27;[0;39m &amp#27;[2m&amp#27;[0;39m&amp#27;[36mo.s.t.web.servlet.TestDispatcherServlet &amp#27;[0;39m &amp#27;[2m:&amp#27;[0;39m Completed initialization in 0 ms
]]></system-out>
  </testcase>
  <testcase name="createContact_IntegrationTest" classname="com.humanaid.integration.ContactIntegrationTest" time="0.011">
    <system-out><![CDATA[&amp#27;[2m2025-09-02T16:57:20.950+09:00&amp#27;[0;39m &amp#27;[32m INFO&amp#27;[0;39m &amp#27;[35m4261&amp#27;[0;39m &amp#27;[2m---&amp#27;[0;39m &amp#27;[2m[humanaid-backend-test] [           main]&amp#27;[0;39m &amp#27;[2m&amp#27;[0;39m&amp#27;[36mo.s.b.t.m.w.SpringBootMockServletContext&amp#27;[0;39m &amp#27;[2m:&amp#27;[0;39m Initializing Spring TestDispatcherServlet ''
&amp#27;[2m2025-09-02T16:57:20.950+09:00&amp#27;[0;39m &amp#27;[32m INFO&amp#27;[0;39m &amp#27;[35m4261&amp#27;[0;39m &amp#27;[2m---&amp#27;[0;39m &amp#27;[2m[humanaid-backend-test] [           main]&amp#27;[0;39m &amp#27;[2m&amp#27;[0;39m&amp#27;[36mo.s.t.web.servlet.TestDispatcherServlet &amp#27;[0;39m &amp#27;[2m:&amp#27;[0;39m Initializing Servlet ''
&amp#27;[2m2025-09-02T16:57:20.950+09:00&amp#27;[0;39m &amp#27;[32m INFO&amp#27;[0;39m &amp#27;[35m4261&amp#27;[0;39m &amp#27;[2m---&amp#27;[0;39m &amp#27;[2m[humanaid-backend-test] [           main]&amp#27;[0;39m &amp#27;[2m&amp#27;[0;39m&amp#27;[36mo.s.t.web.servlet.TestDispatcherServlet &amp#27;[0;39m &amp#27;[2m:&amp#27;[0;39m Completed initialization in 0 ms
]]></system-out>
  </testcase>
</testsuite>